\BOOKMARK [1][]{section.1}{\376\377\000I\000n\000t\000r\000o\000d\000u\000c\000t\000i\000o\000n}{}% 1
\BOOKMARK [1][]{section.2}{\376\377\000B\000a\000c\000k\000g\000r\000o\000u\000n\000d}{}% 2
\BOOKMARK [2][]{subsection.2.1}{\376\377\000T\000e\000n\000s\000o\000r\000F\000l\000o\000w\000\040\000D\000e\000e\000p\000\040\000L\000e\000a\000r\000n\000i\000n\000g\000\040\000M\000o\000d\000e\000l\000s}{section.2}% 3
\BOOKMARK [2][]{subsection.2.2}{\376\377\000H\000o\000r\000o\000v\000o\000d\000\040\000D\000i\000s\000t\000r\000i\000b\000u\000t\000e\000d\000\040\000T\000r\000a\000i\000n\000i\000n\000g\000\040\000L\000i\000b\000r\000a\000r\000y}{section.2}% 4
\BOOKMARK [1][]{section.3}{\376\377\000O\000v\000e\000r\000v\000i\000e\000w}{}% 5
\BOOKMARK [1][]{section.4}{\376\377\000C\000l\000a\000s\000s\000\040\000h\000i\000e\000r\000a\000r\000c\000h\000y\000\040\000a\000n\000a\000l\000y\000s\000i\000s}{}% 6
\BOOKMARK [1][]{section.5}{\376\377\000T\000r\000a\000i\000n\000i\000n\000g\000\040\000A\000P\000I\000\040\000P\000a\000t\000t\000e\000r\000n\000\040\000I\000d\000e\000n\000t\000i\000f\000i\000c\000a\000t\000i\000o\000n}{}% 7
\BOOKMARK [2][]{subsection.5.1}{\376\377\000T\000r\000a\000i\000n\000i\000n\000g\000\040\000A\000P\000I\000\040\000P\000a\000t\000t\000e\000r\000n\000s\000\040\000o\000f\000\040\000T\000e\000n\000s\000o\000r\000F\000l\000o\000w\000\040\000D\000L\000\040\000M\000o\000d\000e\000l\000s}{section.5}% 8
\BOOKMARK [3][]{section*.12}{\376\377\000S\000e\000s\000s\000i\000o\000n\000\040\000P\000a\000t\000t\000e\000r\000n\000.}{subsection.5.1}% 9
\BOOKMARK [4][]{section*.14}{\376\377\000M\000o\000n\000i\000t\000o\000r\000e\000d\000S\000e\000s\000s\000i\000o\000n\000\040\000P\000a\000t\000t\000e\000r\000n\000.}{section*.12}% 10
\BOOKMARK [4][]{section*.16}{\376\377\000G\000r\000a\000d\000i\000e\000n\000t\000T\000a\000p\000e\000\040\000P\000a\000t\000t\000e\000r\000n\000.}{section*.12}% 11
\BOOKMARK [4][]{section*.18}{\376\377\000K\000e\000r\000a\000s\000\040\000P\000a\000t\000t\000e\000r\000n\000.}{section*.12}% 12
\BOOKMARK [2][]{subsection.5.2}{\376\377\000T\000r\000a\000i\000n\000i\000n\000g\000\040\000A\000P\000I\000\040\000P\000a\000t\000t\000e\000r\000n\000\040\000I\000d\000e\000n\000t\000i\000f\000i\000e\000r}{section.5}% 13
\BOOKMARK [1][]{section.6}{\376\377\000C\000o\000d\000e\000\040\000T\000r\000a\000n\000s\000f\000o\000r\000m\000a\000t\000i\000o\000n}{}% 14
\BOOKMARK [2][]{subsection.6.1}{\376\377\000F\000o\000r\000m\000a\000l\000i\000z\000a\000t\000i\000o\000n\000\040\000o\000f\000\040\000T\000r\000a\000n\000s\000f\000o\000r\000m\000a\000t\000i\000o\000n\000\040\000R\000u\000l\000e\000s}{section.6}% 15
\BOOKMARK [2][]{subsection.6.2}{\376\377\000T\000r\000a\000n\000s\000f\000o\000r\000m\000a\000t\000i\000o\000n\000\040\000R\000u\000l\000e\000s\000\040\000f\000o\000r\000\040\000A\000P\000I\000\040\000P\000a\000t\000t\000e\000r\000n\000s}{section.6}% 16
\BOOKMARK [3][]{subsubsection.6.2.1}{\376\377\000R\000u\000l\000e\000s\000\040\000f\000o\000r\000\040\000t\000h\000e\000\040\000S\000e\000s\000s\000i\000o\000n\000\040\000P\000a\000t\000t\000e\000r\000n}{subsection.6.2}% 17
\BOOKMARK [3][]{subsubsection.6.2.2}{\376\377\000R\000u\000l\000e\000s\000\040\000f\000o\000r\000\040\000t\000h\000e\000\040\000M\000o\000n\000i\000t\000o\000r\000e\000d\000S\000e\000s\000s\000i\000o\000n\000\040\000P\000a\000t\000t\000e\000r\000n}{subsection.6.2}% 18
\BOOKMARK [3][]{subsubsection.6.2.3}{\376\377\000R\000u\000l\000e\000s\000\040\000f\000o\000r\000\040\000t\000h\000e\000\040\000G\000r\000a\000d\000i\000e\000n\000t\000T\000a\000p\000e\000\040\000p\000a\000t\000t\000e\000r\000n}{subsection.6.2}% 19
\BOOKMARK [3][]{subsubsection.6.2.4}{\376\377\000R\000u\000l\000e\000s\000\040\000f\000o\000r\000\040\000t\000h\000e\000\040\000K\000e\000r\000a\000s\000\040\000p\000a\000t\000t\000e\000r\000n}{subsection.6.2}% 20
\BOOKMARK [1][]{section.7}{\376\377\000E\000v\000a\000l\000u\000a\000t\000i\000o\000n}{}% 21
\BOOKMARK [2][]{subsection.7.1}{\376\377\000R\000Q\0001\000:\000\040\000C\000o\000r\000r\000e\000c\000t\000n\000e\000s\000s\000\040\000o\000f\000\040\000t\000h\000e\000\040\000t\000r\000a\000n\000s\000f\000o\000r\000m\000a\000t\000i\000o\000n}{section.7}% 22
\BOOKMARK [2][]{subsection.7.2}{\376\377\000R\000Q\0002\000:\000\040\000E\000f\000f\000e\000c\000t\000i\000v\000e\000n\000e\000s\000s\000\040\000o\000f\000\040\000t\000h\000e\000\040\000a\000u\000t\000o\000m\000a\000t\000i\000c\000a\000l\000l\000y\000\040\000d\000i\000s\000t\000r\000i\000b\000u\000t\000e\000d\000\040\000t\000r\000a\000i\000n\000i\000n\000g}{section.7}% 23
\BOOKMARK [1][]{section.8}{\376\377\000R\000e\000l\000a\000t\000e\000d\000\040\000W\000o\000r\000k}{}% 24
\BOOKMARK [2][]{subsection.8.1}{\376\377\000D\000i\000s\000t\000r\000i\000b\000u\000t\000e\000d\000\040\000D\000L\000\040\000f\000r\000a\000m\000e\000w\000o\000r\000k\000s}{section.8}% 25
\BOOKMARK [2][]{subsection.8.2}{\376\377\000C\000o\000d\000e\000\040\000T\000r\000a\000n\000s\000f\000o\000r\000m\000a\000t\000i\000o\000n}{section.8}% 26
\BOOKMARK [1][]{section.9}{\376\377\000C\000o\000n\000c\000l\000u\000s\000i\000o\000n}{}% 27
\BOOKMARK [1][]{section.10}{\376\377\000D\000a\000t\000a\000\040\000A\000v\000a\000i\000l\000a\000b\000i\000l\000i\000t\000y}{}% 28
